<?xml version="1.0" encoding="UTF-8"?>
<!-- Generated by org.testng.reporters.JUnitReportReporter -->
<testsuite hostname="Jijos-Air.lan" failures="0" tests="6" name="com.TrainerManagementSystem.scripts.TestClassViewAllocation" time="125.093" errors="0" timestamp="2022-03-20T15:25:43 GST" skipped="0">
  <testcase classname="com.TrainerManagementSystem.scripts.TestClassViewAllocation" name="VerifyAlbhaTCB2G70051" time="1.356"/>
  <system-out/>
  <testcase classname="com.TrainerManagementSystem.scripts.TestClassViewAllocation" name="VerifyNumTCB2G70052" time="49.131"/>
  <system-out/>
  <testcase classname="com.TrainerManagementSystem.scripts.TestClassViewAllocation" name="VerifyCharTCB2G70053" time="36.539"/>
  <system-out/>
  <testcase classname="com.TrainerManagementSystem.scripts.TestClassViewAllocation" name="VerifyDataTCB2G70054" time="35.165"/>
  <system-out/>
  <testcase classname="com.TrainerManagementSystem.scripts.TestClassViewAllocation" name="VerifyScrollingUsingMouseTCB2G70055" time="0.463"/>
  <system-out/>
  <testcase classname="com.TrainerManagementSystem.scripts.TestClassViewAllocation" name="VerifyScrollingUsingKeyboardTCB2G70056" time="2.439"/>
  <system-out/>
</testsuite> <!-- com.TrainerManagementSystem.scripts.TestClassViewAllocation -->
