<?xml version="1.0" encoding="UTF-8"?>
<!-- Generated by org.testng.reporters.JUnitReportReporter -->
<testsuite hostname="Jijos-Air.lan" failures="0" tests="6" name="com.TrainerManagementSystem.scripts.TestClassTrainerLogin" time="50.126" errors="0" timestamp="2022-03-20T15:25:43 GST" skipped="0">
  <testcase classname="com.TrainerManagementSystem.scripts.TestClassTrainerLogin" name="DisplayFooterTCB2G70067" time="1.314"/>
  <system-out/>
  <testcase classname="com.TrainerManagementSystem.scripts.TestClassTrainerLogin" name="LoginWithNoDataTCB2G70063" time="2.658"/>
  <system-out/>
  <testcase classname="com.TrainerManagementSystem.scripts.TestClassTrainerLogin" name="NavigateToSignupPageTCB2G70066" time="2.216"/>
  <system-out/>
  <testcase classname="com.TrainerManagementSystem.scripts.TestClassTrainerLogin" name="NavigateToHomePageTCB2G70065" time="35.851"/>
  <system-out/>
  <testcase classname="com.TrainerManagementSystem.scripts.TestClassTrainerLogin" name="InvalidLoginCredentialsTCB2G70060" time="6.379"/>
  <system-out/>
  <testcase classname="com.TrainerManagementSystem.scripts.TestClassTrainerLogin" name="LoginWithValidCredentialsTCB2G70062" time="1.708"/>
  <system-out/>
</testsuite> <!-- com.TrainerManagementSystem.scripts.TestClassTrainerLogin -->
