<?xml version="1.0" encoding="UTF-8"?>
<!-- Generated by org.testng.reporters.JUnitReportReporter -->
<testsuite hostname="Jijos-Air.lan" failures="0" tests="2" name="com.TrainerManagementSystem.scripts.TestClassAdminLogout" time="20.565" errors="0" timestamp="2022-03-20T15:25:43 GST" skipped="0">
  <testcase classname="com.TrainerManagementSystem.scripts.TestClassAdminLogout" name="ValidateLoginAndOutAfterLogoutTCB2G70058" time="13.991"/>
  <system-out/>
  <testcase classname="com.TrainerManagementSystem.scripts.TestClassAdminLogout" name="ValidateLogOutTCB2G70057" time="6.574"/>
  <system-out/>
</testsuite> <!-- com.TrainerManagementSystem.scripts.TestClassAdminLogout -->
