<?xml version="1.0" encoding="UTF-8"?>
<!-- Generated by org.testng.reporters.JUnitReportReporter -->
<testsuite hostname="Jijos-Air.lan" failures="0" tests="3" name="com.TrainerManagementSystem.scripts.TestClassHomePageLinks" time="0.761" errors="0" timestamp="2022-03-20T15:25:43 GST" skipped="0">
  <testcase classname="com.TrainerManagementSystem.scripts.TestClassHomePageLinks" name="CheckPageTitleTCB2G70001" time="0.091"/>
  <system-out/>
  <testcase classname="com.TrainerManagementSystem.scripts.TestClassHomePageLinks" name="NavigateToLoginPageTCB2G70003" time="0.230"/>
  <system-out/>
  <testcase classname="com.TrainerManagementSystem.scripts.TestClassHomePageLinks" name="NavigateToSignupPageTCB2G70004" time="0.440"/>
  <system-out/>
</testsuite> <!-- com.TrainerManagementSystem.scripts.TestClassHomePageLinks -->
