<?xml version="1.0" encoding="UTF-8"?>
<!-- Generated by org.testng.reporters.JUnitReportReporter -->
<testsuite hostname="Jijos-Air.lan" failures="0" tests="8" name="com.TrainerManagementSystem.scripts.TestClassAllocateTrainer" time="15.598" errors="0" timestamp="2022-03-20T15:25:43 GST" skipped="0">
  <testcase classname="com.TrainerManagementSystem.scripts.TestClassAllocateTrainer" name="VerifyAllocateButtonTCB2G70043" time="5.550"/>
  <system-out/>
  <testcase classname="com.TrainerManagementSystem.scripts.TestClassAllocateTrainer" name="VerifyAllocateTrainerPageTCB2G70044" time="0.135"/>
  <system-out/>
  <testcase classname="com.TrainerManagementSystem.scripts.TestClassAllocateTrainer" name="VerifyAllocateTrainerPageCourseTCB2G70045" time="0.919"/>
  <system-out/>
  <testcase classname="com.TrainerManagementSystem.scripts.TestClassAllocateTrainer" name="VerifyAllocateTrainerPageBatchIDTCB2G70046" time="0.478"/>
  <system-out/>
  <testcase classname="com.TrainerManagementSystem.scripts.TestClassAllocateTrainer" name="VerifyAllocateTrainerPageTimeTCB2G70047A" time="0.153"/>
  <system-out/>
  <testcase classname="com.TrainerManagementSystem.scripts.TestClassAllocateTrainer" name="VerifyAllocateTrainerPageTime2TCB2G70047B" time="0.237"/>
  <system-out/>
  <testcase classname="com.TrainerManagementSystem.scripts.TestClassAllocateTrainer" name="VerifyAllocateTrainerPageStartAndEndDateTCB2G70048" time="0.469"/>
  <system-out/>
  <testcase classname="com.TrainerManagementSystem.scripts.TestClassAllocateTrainer" name="VerifyAllocateTrainerPageMeetingLinkTCB2G70049" time="7.657"/>
  <system-out/>
</testsuite> <!-- com.TrainerManagementSystem.scripts.TestClassAllocateTrainer -->
