<?xml version="1.0" encoding="UTF-8"?>
<!-- Generated by org.testng.reporters.JUnitReportReporter -->
<testsuite hostname="Jijos-Air.lan" failures="0" tests="3" name="com.TrainerManagementSystem.scripts.TestClassAllocate" time="34.116" errors="0" timestamp="2022-03-20T15:25:43 GST" skipped="0">
  <testcase classname="com.TrainerManagementSystem.scripts.TestClassAllocate" name="VerifySearchBoxTCB2G70039" time="33.688"/>
  <system-out/>
  <testcase classname="com.TrainerManagementSystem.scripts.TestClassAllocate" name="VerifySearchDetailsTCB2G70040" time="0.216"/>
  <system-out/>
  <testcase classname="com.TrainerManagementSystem.scripts.TestClassAllocate" name="VerifySearchDetailsbyIdTCB2G70042" time="0.212"/>
  <system-out/>
</testsuite> <!-- com.TrainerManagementSystem.scripts.TestClassAllocate -->
