<?xml version="1.0" encoding="UTF-8"?>
<!-- Generated by org.testng.reporters.JUnitReportReporter -->
<testsuite hostname="Jijos-Air.lan" failures="0" tests="3" name="com.TrainerManagementSystem.scripts.TestClassAdminLogin" time="103.570" errors="0" timestamp="2022-03-20T15:25:43 GST" skipped="0">
  <testcase classname="com.TrainerManagementSystem.scripts.TestClassAdminLogin" name="VerifyAdminLoginTCB2G70025" time="35.172"/>
  <system-out/>
  <testcase classname="com.TrainerManagementSystem.scripts.TestClassAdminLogin" name="VerifyLoginWithInvaidDatasTCB2G70026" time="34.522"/>
  <system-out/>
  <testcase classname="com.TrainerManagementSystem.scripts.TestClassAdminLogin" name="LoginWithNodataTCB2G70029" time="33.876"/>
  <system-out/>
</testsuite> <!-- com.TrainerManagementSystem.scripts.TestClassAdminLogin -->
